 ERR_PNPM_NO_IMPORTER_MANIFEST_FOUND  No package.json (or package.yaml, or package.json5) was found in "/expo-project".
 ERR_PNPM_NO_IMPORTER_MANIFEST_FOUND  No package.json (or package.yaml, or package.json5) was found in "/expo-project".
2026-03-25T16:44:32.558Z expo:env /expo-project/.env does not exist, skipping this env file
2026-03-25T16:44:32.558Z expo:env /expo-project/.env.development does not exist, skipping this env file
2026-03-25T16:44:32.558Z expo:env /expo-project/.env.local does not exist, skipping this env file
2026-03-25T16:44:32.558Z expo:env /expo-project/.env.development.local does not exist, skipping this env file
Starting project at /expo-project
Could not find plugin "expo-share-intent"
PluginError: Failed to resolve plugin for module "expo-share-intent" relative to "/expo-project". Do you have node modules installed?
PluginError: Failed to resolve plugin for module "expo-share-intent" relative to "/expo-project". Do you have node modules installed?
    at resolvePluginForModule (/expo-project/node_modules/@expo/config-plugins/build/utils/plugin-resolver.js:96:9)
    at resolveConfigPluginFunctionWithInfo (/expo-project/node_modules/@expo/config-plugins/build/utils/plugin-resolver.js:145:7)
    at resolveConfigPluginFunction (/expo-project/node_modules/@expo/config-plugins/build/utils/plugin-resolver.js:136:7)
    at withStaticPlugin (/expo-project/node_modules/@expo/config-plugins/build/plugins/withStaticPlugin.js:85:70)
    at /expo-project/node_modules/@expo/config-plugins/build/plugins/withPlugins.js:30:84
    at Array.reduce (<anonymous>)
    at withPlugins (/expo-project/node_modules/@expo/config-plugins/build/plugins/withPlugins.js:30:18)
    at withConfigPlugins (/expo-project/node_modules/@expo/config/build/plugins/withConfigPlugins.js:35:47)
    at fillAndReturnConfig (/expo-project/node_modules/@expo/config/build/Config.js:236:78)
    at getConfig (/expo-project/node_modules/@expo/config/build/Config.js:293:10)
2026-03-25T16:45:35.140Z expo:env /expo-project/.env does not exist, skipping this env file
2026-03-25T16:45:35.140Z expo:env /expo-project/.env.development does not exist, skipping this env file
2026-03-25T16:45:35.140Z expo:env /expo-project/.env.local does not exist, skipping this env file
2026-03-25T16:45:35.141Z expo:env /expo-project/.env.development.local does not exist, skipping this env file
Starting project at /expo-project
Could not find plugin "expo-share-intent"
PluginError: Failed to resolve plugin for module "expo-share-intent" relative to "/expo-project". Do you have node modules installed?
PluginError: Failed to resolve plugin for module "expo-share-intent" relative to "/expo-project". Do you have node modules installed?
    at resolvePluginForModule (/expo-project/node_modules/@expo/config-plugins/build/utils/plugin-resolver.js:96:9)
    at resolveConfigPluginFunctionWithInfo (/expo-project/node_modules/@expo/config-plugins/build/utils/plugin-resolver.js:145:7)
    at resolveConfigPluginFunction (/expo-project/node_modules/@expo/config-plugins/build/utils/plugin-resolver.js:136:7)
    at withStaticPlugin (/expo-project/node_modules/@expo/config-plugins/build/plugins/withStaticPlugin.js:85:70)
    at /expo-project/node_modules/@expo/config-plugins/build/plugins/withPlugins.js:30:84
    at Array.reduce (<anonymous>)
    at withPlugins (/expo-project/node_modules/@expo/config-plugins/build/plugins/withPlugins.js:30:18)
    at withConfigPlugins (/expo-project/node_modules/@expo/config/build/plugins/withConfigPlugins.js:35:47)
    at fillAndReturnConfig (/expo-project/node_modules/@expo/config/build/Config.js:236:78)
    at getConfig (/expo-project/node_modules/@expo/config/build/Config.js:293:10)
2026-03-25T16:47:47.686Z expo:env /expo-project/.env does not exist, skipping this env file
2026-03-25T16:47:47.687Z expo:env /expo-project/.env.development does not exist, skipping this env file
2026-03-25T16:47:47.687Z expo:env /expo-project/.env.local does not exist, skipping this env file
2026-03-25T16:47:47.687Z expo:env /expo-project/.env.development.local does not exist, skipping this env file
Starting project at /expo-project
Could not find plugin "expo-share-intent"
PluginError: Failed to resolve plugin for module "expo-share-intent" relative to "/expo-project". Do you have node modules installed?
PluginError: Failed to resolve plugin for module "expo-share-intent" relative to "/expo-project". Do you have node modules installed?
    at resolvePluginForModule (/expo-project/node_modules/@expo/config-plugins/build/utils/plugin-resolver.js:96:9)
    at resolveConfigPluginFunctionWithInfo (/expo-project/node_modules/@expo/config-plugins/build/utils/plugin-resolver.js:145:7)
    at resolveConfigPluginFunction (/expo-project/node_modules/@expo/config-plugins/build/utils/plugin-resolver.js:136:7)
    at withStaticPlugin (/expo-project/node_modules/@expo/config-plugins/build/plugins/withStaticPlugin.js:85:70)
    at /expo-project/node_modules/@expo/config-plugins/build/plugins/withPlugins.js:30:84
    at Array.reduce (<anonymous>)
    at withPlugins (/expo-project/node_modules/@expo/config-plugins/build/plugins/withPlugins.js:30:18)
    at withConfigPlugins (/expo-project/node_modules/@expo/config/build/plugins/withConfigPlugins.js:35:47)
    at fillAndReturnConfig (/expo-project/node_modules/@expo/config/build/Config.js:236:78)
    at getConfig (/expo-project/node_modules/@expo/config/build/Config.js:293:10)
2026-03-25T16:50:00.157Z expo:env /expo-project/.env does not exist, skipping this env file
2026-03-25T16:50:00.158Z expo:env /expo-project/.env.development does not exist, skipping this env file
2026-03-25T16:50:00.158Z expo:env /expo-project/.env.local does not exist, skipping this env file
2026-03-25T16:50:00.158Z expo:env /expo-project/.env.development.local does not exist, skipping this env file
Starting project at /expo-project
Could not find plugin "expo-share-intent"
PluginError: Failed to resolve plugin for module "expo-share-intent" relative to "/expo-project". Do you have node modules installed?
PluginError: Failed to resolve plugin for module "expo-share-intent" relative to "/expo-project". Do you have node modules installed?
    at resolvePluginForModule (/expo-project/node_modules/@expo/config-plugins/build/utils/plugin-resolver.js:96:9)
    at resolveConfigPluginFunctionWithInfo (/expo-project/node_modules/@expo/config-plugins/build/utils/plugin-resolver.js:145:7)
    at resolveConfigPluginFunction (/expo-project/node_modules/@expo/config-plugins/build/utils/plugin-resolver.js:136:7)
    at withStaticPlugin (/expo-project/node_modules/@expo/config-plugins/build/plugins/withStaticPlugin.js:85:70)
    at /expo-project/node_modules/@expo/config-plugins/build/plugins/withPlugins.js:30:84
    at Array.reduce (<anonymous>)
    at withPlugins (/expo-project/node_modules/@expo/config-plugins/build/plugins/withPlugins.js:30:18)
    at withConfigPlugins (/expo-project/node_modules/@expo/config/build/plugins/withConfigPlugins.js:35:47)
    at fillAndReturnConfig (/expo-project/node_modules/@expo/config/build/Config.js:236:78)
    at getConfig (/expo-project/node_modules/@expo/config/build/Config.js:293:10)
2026-03-25T16:52:12.859Z expo:env /expo-project/.env does not exist, skipping this env file
2026-03-25T16:52:12.860Z expo:env /expo-project/.env.development does not exist, skipping this env file
2026-03-25T16:52:12.860Z expo:env /expo-project/.env.local does not exist, skipping this env file
2026-03-25T16:52:12.860Z expo:env /expo-project/.env.development.local does not exist, skipping this env file
Starting project at /expo-project
Could not find plugin "expo-share-intent"
PluginError: Failed to resolve plugin for module "expo-share-intent" relative to "/expo-project". Do you have node modules installed?
PluginError: Failed to resolve plugin for module "expo-share-intent" relative to "/expo-project". Do you have node modules installed?
    at resolvePluginForModule (/expo-project/node_modules/@expo/config-plugins/build/utils/plugin-resolver.js:96:9)
    at resolveConfigPluginFunctionWithInfo (/expo-project/node_modules/@expo/config-plugins/build/utils/plugin-resolver.js:145:7)
    at resolveConfigPluginFunction (/expo-project/node_modules/@expo/config-plugins/build/utils/plugin-resolver.js:136:7)
    at withStaticPlugin (/expo-project/node_modules/@expo/config-plugins/build/plugins/withStaticPlugin.js:85:70)
    at /expo-project/node_modules/@expo/config-plugins/build/plugins/withPlugins.js:30:84
    at Array.reduce (<anonymous>)
    at withPlugins (/expo-project/node_modules/@expo/config-plugins/build/plugins/withPlugins.js:30:18)
    at withConfigPlugins (/expo-project/node_modules/@expo/config/build/plugins/withConfigPlugins.js:35:47)
    at fillAndReturnConfig (/expo-project/node_modules/@expo/config/build/Config.js:236:78)
    at getConfig (/expo-project/node_modules/@expo/config/build/Config.js:293:10)
2026-03-25T16:54:25.209Z expo:env /expo-project/.env does not exist, skipping this env file
2026-03-25T16:54:25.209Z expo:env /expo-project/.env.development does not exist, skipping this env file
2026-03-25T16:54:25.209Z expo:env /expo-project/.env.local does not exist, skipping this env file
2026-03-25T16:54:25.209Z expo:env /expo-project/.env.development.local does not exist, skipping this env file
Starting project at /expo-project
» android: expo-share-intent: your Expo SDK version does not match requirements! v6.0.0 needs ^55, found 54.0.0. Please refer to the compatibility table. https://github.com/achorein/expo-share-intent/#versioning
Could not find plugin "expo-notifications"
PluginError: Failed to resolve plugin for module "expo-notifications" relative to "/expo-project". Do you have node modules installed?
PluginError: Failed to resolve plugin for module "expo-notifications" relative to "/expo-project". Do you have node modules installed?
    at resolvePluginForModule (/expo-project/node_modules/@expo/config-plugins/build/utils/plugin-resolver.js:96:9)
    at resolveConfigPluginFunctionWithInfo (/expo-project/node_modules/@expo/config-plugins/build/utils/plugin-resolver.js:145:7)
    at resolveConfigPluginFunction (/expo-project/node_modules/@expo/config-plugins/build/utils/plugin-resolver.js:136:7)
    at withStaticPlugin (/expo-project/node_modules/@expo/config-plugins/build/plugins/withStaticPlugin.js:85:70)
    at /expo-project/node_modules/@expo/config-plugins/build/plugins/withPlugins.js:30:84
    at Array.reduce (<anonymous>)
    at withPlugins (/expo-project/node_modules/@expo/config-plugins/build/plugins/withPlugins.js:30:18)
    at withConfigPlugins (/expo-project/node_modules/@expo/config/build/plugins/withConfigPlugins.js:35:47)
    at fillAndReturnConfig (/expo-project/node_modules/@expo/config/build/Config.js:236:78)
    at getConfig (/expo-project/node_modules/@expo/config/build/Config.js:293:10)
2026-03-25T16:54:38.490Z expo:env /expo-project/.env does not exist, skipping this env file
2026-03-25T16:54:38.491Z expo:env /expo-project/.env.development does not exist, skipping this env file
2026-03-25T16:54:38.491Z expo:env /expo-project/.env.local does not exist, skipping this env file
2026-03-25T16:54:38.491Z expo:env /expo-project/.env.development.local does not exist, skipping this env file
Starting project at /expo-project
» android: expo-share-intent: your Expo SDK version does not match requirements! v6.0.0 needs ^55, found 54.0.0. Please refer to the compatibility table. https://github.com/achorein/expo-share-intent/#versioning
Could not find plugin "expo-notifications"
PluginError: Failed to resolve plugin for module "expo-notifications" relative to "/expo-project". Do you have node modules installed?
PluginError: Failed to resolve plugin for module "expo-notifications" relative to "/expo-project". Do you have node modules installed?
    at resolvePluginForModule (/expo-project/node_modules/@expo/config-plugins/build/utils/plugin-resolver.js:96:9)
    at resolveConfigPluginFunctionWithInfo (/expo-project/node_modules/@expo/config-plugins/build/utils/plugin-resolver.js:145:7)
    at resolveConfigPluginFunction (/expo-project/node_modules/@expo/config-plugins/build/utils/plugin-resolver.js:136:7)
    at withStaticPlugin (/expo-project/node_modules/@expo/config-plugins/build/plugins/withStaticPlugin.js:85:70)
    at /expo-project/node_modules/@expo/config-plugins/build/plugins/withPlugins.js:30:84
    at Array.reduce (<anonymous>)
    at withPlugins (/expo-project/node_modules/@expo/config-plugins/build/plugins/withPlugins.js:30:18)
    at withConfigPlugins (/expo-project/node_modules/@expo/config/build/plugins/withConfigPlugins.js:35:47)
    at fillAndReturnConfig (/expo-project/node_modules/@expo/config/build/Config.js:236:78)
    at getConfig (/expo-project/node_modules/@expo/config/build/Config.js:293:10)
2026-03-25T16:56:37.720Z expo:env /expo-project/.env does not exist, skipping this env file
2026-03-25T16:56:37.721Z expo:env /expo-project/.env.development does not exist, skipping this env file
2026-03-25T16:56:37.721Z expo:env /expo-project/.env.local does not exist, skipping this env file
2026-03-25T16:56:37.721Z expo:env /expo-project/.env.development.local does not exist, skipping this env file
Starting project at /expo-project
» android: expo-share-intent: your Expo SDK version does not match requirements! v6.0.0 needs ^55, found 54.0.0. Please refer to the compatibility table. https://github.com/achorein/expo-share-intent/#versioning
Could not find plugin "expo-notifications"
PluginError: Failed to resolve plugin for module "expo-notifications" relative to "/expo-project". Do you have node modules installed?
PluginError: Failed to resolve plugin for module "expo-notifications" relative to "/expo-project". Do you have node modules installed?
    at resolvePluginForModule (/expo-project/node_modules/@expo/config-plugins/build/utils/plugin-resolver.js:96:9)
    at resolveConfigPluginFunctionWithInfo (/expo-project/node_modules/@expo/config-plugins/build/utils/plugin-resolver.js:145:7)
    at resolveConfigPluginFunction (/expo-project/node_modules/@expo/config-plugins/build/utils/plugin-resolver.js:136:7)
    at withStaticPlugin (/expo-project/node_modules/@expo/config-plugins/build/plugins/withStaticPlugin.js:85:70)
    at /expo-project/node_modules/@expo/config-plugins/build/plugins/withPlugins.js:30:84
    at Array.reduce (<anonymous>)
    at withPlugins (/expo-project/node_modules/@expo/config-plugins/build/plugins/withPlugins.js:30:18)
    at withConfigPlugins (/expo-project/node_modules/@expo/config/build/plugins/withConfigPlugins.js:35:47)
    at fillAndReturnConfig (/expo-project/node_modules/@expo/config/build/Config.js:236:78)
    at getConfig (/expo-project/node_modules/@expo/config/build/Config.js:293:10)
2026-03-25T16:58:50.215Z expo:env /expo-project/.env does not exist, skipping this env file
2026-03-25T16:58:50.215Z expo:env /expo-project/.env.development does not exist, skipping this env file
2026-03-25T16:58:50.216Z expo:env /expo-project/.env.local does not exist, skipping this env file
2026-03-25T16:58:50.216Z expo:env /expo-project/.env.development.local does not exist, skipping this env file
Starting project at /expo-project
» android: expo-share-intent: your Expo SDK version does not match requirements! v6.0.0 needs ^55, found 54.0.0. Please refer to the compatibility table. https://github.com/achorein/expo-share-intent/#versioning
Could not find plugin "expo-notifications"
PluginError: Failed to resolve plugin for module "expo-notifications" relative to "/expo-project". Do you have node modules installed?
PluginError: Failed to resolve plugin for module "expo-notifications" relative to "/expo-project". Do you have node modules installed?
    at resolvePluginForModule (/expo-project/node_modules/@expo/config-plugins/build/utils/plugin-resolver.js:96:9)
    at resolveConfigPluginFunctionWithInfo (/expo-project/node_modules/@expo/config-plugins/build/utils/plugin-resolver.js:145:7)
    at resolveConfigPluginFunction (/expo-project/node_modules/@expo/config-plugins/build/utils/plugin-resolver.js:136:7)
    at withStaticPlugin (/expo-project/node_modules/@expo/config-plugins/build/plugins/withStaticPlugin.js:85:70)
    at /expo-project/node_modules/@expo/config-plugins/build/plugins/withPlugins.js:30:84
    at Array.reduce (<anonymous>)
    at withPlugins (/expo-project/node_modules/@expo/config-plugins/build/plugins/withPlugins.js:30:18)
    at withConfigPlugins (/expo-project/node_modules/@expo/config/build/plugins/withConfigPlugins.js:35:47)
    at fillAndReturnConfig (/expo-project/node_modules/@expo/config/build/Config.js:236:78)
    at getConfig (/expo-project/node_modules/@expo/config/build/Config.js:293:10)
2026-03-25T17:01:02.725Z expo:env /expo-project/.env does not exist, skipping this env file
2026-03-25T17:01:02.726Z expo:env /expo-project/.env.development does not exist, skipping this env file
2026-03-25T17:01:02.726Z expo:env /expo-project/.env.local does not exist, skipping this env file
2026-03-25T17:01:02.726Z expo:env /expo-project/.env.development.local does not exist, skipping this env file
Starting project at /expo-project
» android: expo-share-intent: your Expo SDK version does not match requirements! v6.0.0 needs ^55, found 54.0.0. Please refer to the compatibility table. https://github.com/achorein/expo-share-intent/#versioning
Could not find plugin "expo-notifications"
PluginError: Failed to resolve plugin for module "expo-notifications" relative to "/expo-project". Do you have node modules installed?
PluginError: Failed to resolve plugin for module "expo-notifications" relative to "/expo-project". Do you have node modules installed?
    at resolvePluginForModule (/expo-project/node_modules/@expo/config-plugins/build/utils/plugin-resolver.js:96:9)
    at resolveConfigPluginFunctionWithInfo (/expo-project/node_modules/@expo/config-plugins/build/utils/plugin-resolver.js:145:7)
    at resolveConfigPluginFunction (/expo-project/node_modules/@expo/config-plugins/build/utils/plugin-resolver.js:136:7)
    at withStaticPlugin (/expo-project/node_modules/@expo/config-plugins/build/plugins/withStaticPlugin.js:85:70)
    at /expo-project/node_modules/@expo/config-plugins/build/plugins/withPlugins.js:30:84
    at Array.reduce (<anonymous>)
    at withPlugins (/expo-project/node_modules/@expo/config-plugins/build/plugins/withPlugins.js:30:18)
    at withConfigPlugins (/expo-project/node_modules/@expo/config/build/plugins/withConfigPlugins.js:35:47)
    at fillAndReturnConfig (/expo-project/node_modules/@expo/config/build/Config.js:236:78)
    at getConfig (/expo-project/node_modules/@expo/config/build/Config.js:293:10)
2026-03-25T17:03:15.231Z expo:env /expo-project/.env does not exist, skipping this env file
2026-03-25T17:03:15.231Z expo:env /expo-project/.env.development does not exist, skipping this env file
2026-03-25T17:03:15.232Z expo:env /expo-project/.env.local does not exist, skipping this env file
2026-03-25T17:03:15.232Z expo:env /expo-project/.env.development.local does not exist, skipping this env file
Starting project at /expo-project
» android: expo-share-intent: your Expo SDK version does not match requirements! v6.0.0 needs ^55, found 54.0.0. Please refer to the compatibility table. https://github.com/achorein/expo-share-intent/#versioning
Could not find plugin "expo-notifications"
PluginError: Failed to resolve plugin for module "expo-notifications" relative to "/expo-project". Do you have node modules installed?
PluginError: Failed to resolve plugin for module "expo-notifications" relative to "/expo-project". Do you have node modules installed?
    at resolvePluginForModule (/expo-project/node_modules/@expo/config-plugins/build/utils/plugin-resolver.js:96:9)
    at resolveConfigPluginFunctionWithInfo (/expo-project/node_modules/@expo/config-plugins/build/utils/plugin-resolver.js:145:7)
    at resolveConfigPluginFunction (/expo-project/node_modules/@expo/config-plugins/build/utils/plugin-resolver.js:136:7)
    at withStaticPlugin (/expo-project/node_modules/@expo/config-plugins/build/plugins/withStaticPlugin.js:85:70)
    at /expo-project/node_modules/@expo/config-plugins/build/plugins/withPlugins.js:30:84
    at Array.reduce (<anonymous>)
    at withPlugins (/expo-project/node_modules/@expo/config-plugins/build/plugins/withPlugins.js:30:18)
    at withConfigPlugins (/expo-project/node_modules/@expo/config/build/plugins/withConfigPlugins.js:35:47)
    at fillAndReturnConfig (/expo-project/node_modules/@expo/config/build/Config.js:236:78)
    at getConfig (/expo-project/node_modules/@expo/config/build/Config.js:293:10)
2026-03-25T17:05:27.725Z expo:env /expo-project/.env does not exist, skipping this env file
2026-03-25T17:05:27.725Z expo:env /expo-project/.env.development does not exist, skipping this env file
2026-03-25T17:05:27.725Z expo:env /expo-project/.env.local does not exist, skipping this env file
2026-03-25T17:05:27.725Z expo:env /expo-project/.env.development.local does not exist, skipping this env file
Starting project at /expo-project
» android: expo-share-intent: your Expo SDK version does not match requirements! v6.0.0 needs ^55, found 54.0.0. Please refer to the compatibility table. https://github.com/achorein/expo-share-intent/#versioning
Could not find plugin "expo-notifications"
PluginError: Failed to resolve plugin for module "expo-notifications" relative to "/expo-project". Do you have node modules installed?
PluginError: Failed to resolve plugin for module "expo-notifications" relative to "/expo-project". Do you have node modules installed?
    at resolvePluginForModule (/expo-project/node_modules/@expo/config-plugins/build/utils/plugin-resolver.js:96:9)
    at resolveConfigPluginFunctionWithInfo (/expo-project/node_modules/@expo/config-plugins/build/utils/plugin-resolver.js:145:7)
    at resolveConfigPluginFunction (/expo-project/node_modules/@expo/config-plugins/build/utils/plugin-resolver.js:136:7)
    at withStaticPlugin (/expo-project/node_modules/@expo/config-plugins/build/plugins/withStaticPlugin.js:85:70)
    at /expo-project/node_modules/@expo/config-plugins/build/plugins/withPlugins.js:30:84
    at Array.reduce (<anonymous>)
    at withPlugins (/expo-project/node_modules/@expo/config-plugins/build/plugins/withPlugins.js:30:18)
    at withConfigPlugins (/expo-project/node_modules/@expo/config/build/plugins/withConfigPlugins.js:35:47)
    at fillAndReturnConfig (/expo-project/node_modules/@expo/config/build/Config.js:236:78)
    at getConfig (/expo-project/node_modules/@expo/config/build/Config.js:293:10)
2026-03-25T17:07:40.217Z expo:env /expo-project/.env does not exist, skipping this env file
2026-03-25T17:07:40.218Z expo:env /expo-project/.env.development does not exist, skipping this env file
2026-03-25T17:07:40.218Z expo:env /expo-project/.env.local does not exist, skipping this env file
2026-03-25T17:07:40.218Z expo:env /expo-project/.env.development.local does not exist, skipping this env file
Starting project at /expo-project
» android: expo-share-intent: your Expo SDK version does not match requirements! v6.0.0 needs ^55, found 54.0.0. Please refer to the compatibility table. https://github.com/achorein/expo-share-intent/#versioning
Could not find plugin "expo-notifications"
PluginError: Failed to resolve plugin for module "expo-notifications" relative to "/expo-project". Do you have node modules installed?
PluginError: Failed to resolve plugin for module "expo-notifications" relative to "/expo-project". Do you have node modules installed?
    at resolvePluginForModule (/expo-project/node_modules/@expo/config-plugins/build/utils/plugin-resolver.js:96:9)
    at resolveConfigPluginFunctionWithInfo (/expo-project/node_modules/@expo/config-plugins/build/utils/plugin-resolver.js:145:7)
    at resolveConfigPluginFunction (/expo-project/node_modules/@expo/config-plugins/build/utils/plugin-resolver.js:136:7)
    at withStaticPlugin (/expo-project/node_modules/@expo/config-plugins/build/plugins/withStaticPlugin.js:85:70)
    at /expo-project/node_modules/@expo/config-plugins/build/plugins/withPlugins.js:30:84
    at Array.reduce (<anonymous>)
    at withPlugins (/expo-project/node_modules/@expo/config-plugins/build/plugins/withPlugins.js:30:18)
    at withConfigPlugins (/expo-project/node_modules/@expo/config/build/plugins/withConfigPlugins.js:35:47)
    at fillAndReturnConfig (/expo-project/node_modules/@expo/config/build/Config.js:236:78)
    at getConfig (/expo-project/node_modules/@expo/config/build/Config.js:293:10)
2026-03-25T17:09:52.756Z expo:env /expo-project/.env does not exist, skipping this env file
2026-03-25T17:09:52.757Z expo:env /expo-project/.env.development does not exist, skipping this env file
2026-03-25T17:09:52.757Z expo:env /expo-project/.env.local does not exist, skipping this env file
2026-03-25T17:09:52.757Z expo:env /expo-project/.env.development.local does not exist, skipping this env file
Starting project at /expo-project
» android: expo-share-intent: your Expo SDK version does not match requirements! v6.0.0 needs ^55, found 54.0.0. Please refer to the compatibility table. https://github.com/achorein/expo-share-intent/#versioning
Could not find plugin "expo-notifications"
PluginError: Failed to resolve plugin for module "expo-notifications" relative to "/expo-project". Do you have node modules installed?
PluginError: Failed to resolve plugin for module "expo-notifications" relative to "/expo-project". Do you have node modules installed?
    at resolvePluginForModule (/expo-project/node_modules/@expo/config-plugins/build/utils/plugin-resolver.js:96:9)
    at resolveConfigPluginFunctionWithInfo (/expo-project/node_modules/@expo/config-plugins/build/utils/plugin-resolver.js:145:7)
    at resolveConfigPluginFunction (/expo-project/node_modules/@expo/config-plugins/build/utils/plugin-resolver.js:136:7)
    at withStaticPlugin (/expo-project/node_modules/@expo/config-plugins/build/plugins/withStaticPlugin.js:85:70)
    at /expo-project/node_modules/@expo/config-plugins/build/plugins/withPlugins.js:30:84
    at Array.reduce (<anonymous>)
    at withPlugins (/expo-project/node_modules/@expo/config-plugins/build/plugins/withPlugins.js:30:18)
    at withConfigPlugins (/expo-project/node_modules/@expo/config/build/plugins/withConfigPlugins.js:35:47)
    at fillAndReturnConfig (/expo-project/node_modules/@expo/config/build/Config.js:236:78)
    at getConfig (/expo-project/node_modules/@expo/config/build/Config.js:293:10)
2026-03-25T17:10:55.967Z expo:env /expo-project/.env does not exist, skipping this env file
2026-03-25T17:10:55.968Z expo:env /expo-project/.env.development does not exist, skipping this env file
2026-03-25T17:10:55.968Z expo:env /expo-project/.env.local does not exist, skipping this env file
2026-03-25T17:10:55.969Z expo:env /expo-project/.env.development.local does not exist, skipping this env file
Starting project at /expo-project
» android: expo-share-intent: your Expo SDK version does not match requirements! v6.0.0 needs ^55, found 54.0.0. Please refer to the compatibility table. https://github.com/achorein/expo-share-intent/#versioning
Could not find plugin "expo-notifications"
PluginError: Failed to resolve plugin for module "expo-notifications" relative to "/expo-project". Do you have node modules installed?
PluginError: Failed to resolve plugin for module "expo-notifications" relative to "/expo-project". Do you have node modules installed?
    at resolvePluginForModule (/expo-project/node_modules/@expo/config-plugins/build/utils/plugin-resolver.js:96:9)
    at resolveConfigPluginFunctionWithInfo (/expo-project/node_modules/@expo/config-plugins/build/utils/plugin-resolver.js:145:7)
    at resolveConfigPluginFunction (/expo-project/node_modules/@expo/config-plugins/build/utils/plugin-resolver.js:136:7)
    at withStaticPlugin (/expo-project/node_modules/@expo/config-plugins/build/plugins/withStaticPlugin.js:85:70)
    at /expo-project/node_modules/@expo/config-plugins/build/plugins/withPlugins.js:30:84
    at Array.reduce (<anonymous>)
    at withPlugins (/expo-project/node_modules/@expo/config-plugins/build/plugins/withPlugins.js:30:18)
    at withConfigPlugins (/expo-project/node_modules/@expo/config/build/plugins/withConfigPlugins.js:35:47)
    at fillAndReturnConfig (/expo-project/node_modules/@expo/config/build/Config.js:236:78)
    at getConfig (/expo-project/node_modules/@expo/config/build/Config.js:293:10)
2026-03-25T17:12:05.195Z expo:env /expo-project/.env does not exist, skipping this env file
2026-03-25T17:12:05.196Z expo:env /expo-project/.env.development does not exist, skipping this env file
2026-03-25T17:12:05.196Z expo:env /expo-project/.env.local does not exist, skipping this env file
2026-03-25T17:12:05.196Z expo:env /expo-project/.env.development.local does not exist, skipping this env file
Starting project at /expo-project
» android: expo-share-intent: your Expo SDK version does not match requirements! v6.0.0 needs ^55, found 54.0.0. Please refer to the compatibility table. https://github.com/achorein/expo-share-intent/#versioning
Could not find plugin "expo-notifications"
PluginError: Failed to resolve plugin for module "expo-notifications" relative to "/expo-project". Do you have node modules installed?
PluginError: Failed to resolve plugin for module "expo-notifications" relative to "/expo-project". Do you have node modules installed?
    at resolvePluginForModule (/expo-project/node_modules/@expo/config-plugins/build/utils/plugin-resolver.js:96:9)
    at resolveConfigPluginFunctionWithInfo (/expo-project/node_modules/@expo/config-plugins/build/utils/plugin-resolver.js:145:7)
    at resolveConfigPluginFunction (/expo-project/node_modules/@expo/config-plugins/build/utils/plugin-resolver.js:136:7)
    at withStaticPlugin (/expo-project/node_modules/@expo/config-plugins/build/plugins/withStaticPlugin.js:85:70)
    at /expo-project/node_modules/@expo/config-plugins/build/plugins/withPlugins.js:30:84
    at Array.reduce (<anonymous>)
    at withPlugins (/expo-project/node_modules/@expo/config-plugins/build/plugins/withPlugins.js:30:18)
    at withConfigPlugins (/expo-project/node_modules/@expo/config/build/plugins/withConfigPlugins.js:35:47)
    at fillAndReturnConfig (/expo-project/node_modules/@expo/config/build/Config.js:236:78)
    at getConfig (/expo-project/node_modules/@expo/config/build/Config.js:293:10)
2026-03-25T17:14:17.795Z expo:env /expo-project/.env does not exist, skipping this env file
2026-03-25T17:14:17.796Z expo:env /expo-project/.env.development does not exist, skipping this env file
2026-03-25T17:14:17.796Z expo:env /expo-project/.env.local does not exist, skipping this env file
2026-03-25T17:14:17.796Z expo:env /expo-project/.env.development.local does not exist, skipping this env file
Starting project at /expo-project
» android: expo-share-intent: your Expo SDK version does not match requirements! v6.0.0 needs ^55, found 54.0.0. Please refer to the compatibility table. https://github.com/achorein/expo-share-intent/#versioning
Could not find plugin "expo-notifications"
PluginError: Failed to resolve plugin for module "expo-notifications" relative to "/expo-project". Do you have node modules installed?
PluginError: Failed to resolve plugin for module "expo-notifications" relative to "/expo-project". Do you have node modules installed?
    at resolvePluginForModule (/expo-project/node_modules/@expo/config-plugins/build/utils/plugin-resolver.js:96:9)
    at resolveConfigPluginFunctionWithInfo (/expo-project/node_modules/@expo/config-plugins/build/utils/plugin-resolver.js:145:7)
    at resolveConfigPluginFunction (/expo-project/node_modules/@expo/config-plugins/build/utils/plugin-resolver.js:136:7)
    at withStaticPlugin (/expo-project/node_modules/@expo/config-plugins/build/plugins/withStaticPlugin.js:85:70)
    at /expo-project/node_modules/@expo/config-plugins/build/plugins/withPlugins.js:30:84
    at Array.reduce (<anonymous>)
    at withPlugins (/expo-project/node_modules/@expo/config-plugins/build/plugins/withPlugins.js:30:18)
    at withConfigPlugins (/expo-project/node_modules/@expo/config/build/plugins/withConfigPlugins.js:35:47)
    at fillAndReturnConfig (/expo-project/node_modules/@expo/config/build/Config.js:236:78)
    at getConfig (/expo-project/node_modules/@expo/config/build/Config.js:293:10)
2026-03-25T17:16:30.282Z expo:env /expo-project/.env does not exist, skipping this env file
2026-03-25T17:16:30.282Z expo:env /expo-project/.env.development does not exist, skipping this env file
2026-03-25T17:16:30.282Z expo:env /expo-project/.env.local does not exist, skipping this env file
2026-03-25T17:16:30.282Z expo:env /expo-project/.env.development.local does not exist, skipping this env file
Starting project at /expo-project
» android: expo-share-intent: your Expo SDK version does not match requirements! v6.0.0 needs ^55, found 54.0.0. Please refer to the compatibility table. https://github.com/achorein/expo-share-intent/#versioning
Could not find plugin "expo-notifications"
PluginError: Failed to resolve plugin for module "expo-notifications" relative to "/expo-project". Do you have node modules installed?
PluginError: Failed to resolve plugin for module "expo-notifications" relative to "/expo-project". Do you have node modules installed?
    at resolvePluginForModule (/expo-project/node_modules/@expo/config-plugins/build/utils/plugin-resolver.js:96:9)
    at resolveConfigPluginFunctionWithInfo (/expo-project/node_modules/@expo/config-plugins/build/utils/plugin-resolver.js:145:7)
    at resolveConfigPluginFunction (/expo-project/node_modules/@expo/config-plugins/build/utils/plugin-resolver.js:136:7)
    at withStaticPlugin (/expo-project/node_modules/@expo/config-plugins/build/plugins/withStaticPlugin.js:85:70)
    at /expo-project/node_modules/@expo/config-plugins/build/plugins/withPlugins.js:30:84
    at Array.reduce (<anonymous>)
    at withPlugins (/expo-project/node_modules/@expo/config-plugins/build/plugins/withPlugins.js:30:18)
    at withConfigPlugins (/expo-project/node_modules/@expo/config/build/plugins/withConfigPlugins.js:35:47)
    at fillAndReturnConfig (/expo-project/node_modules/@expo/config/build/Config.js:236:78)
    at getConfig (/expo-project/node_modules/@expo/config/build/Config.js:293:10)
2026-03-25T17:18:42.798Z expo:env /expo-project/.env does not exist, skipping this env file
2026-03-25T17:18:42.798Z expo:env /expo-project/.env.development does not exist, skipping this env file
2026-03-25T17:18:42.798Z expo:env /expo-project/.env.local does not exist, skipping this env file
2026-03-25T17:18:42.799Z expo:env /expo-project/.env.development.local does not exist, skipping this env file
Starting project at /expo-project
» android: expo-share-intent: your Expo SDK version does not match requirements! v6.0.0 needs ^55, found 54.0.0. Please refer to the compatibility table. https://github.com/achorein/expo-share-intent/#versioning
Could not find plugin "expo-notifications"
PluginError: Failed to resolve plugin for module "expo-notifications" relative to "/expo-project". Do you have node modules installed?
PluginError: Failed to resolve plugin for module "expo-notifications" relative to "/expo-project". Do you have node modules installed?
    at resolvePluginForModule (/expo-project/node_modules/@expo/config-plugins/build/utils/plugin-resolver.js:96:9)
    at resolveConfigPluginFunctionWithInfo (/expo-project/node_modules/@expo/config-plugins/build/utils/plugin-resolver.js:145:7)
    at resolveConfigPluginFunction (/expo-project/node_modules/@expo/config-plugins/build/utils/plugin-resolver.js:136:7)
    at withStaticPlugin (/expo-project/node_modules/@expo/config-plugins/build/plugins/withStaticPlugin.js:85:70)
    at /expo-project/node_modules/@expo/config-plugins/build/plugins/withPlugins.js:30:84
    at Array.reduce (<anonymous>)
    at withPlugins (/expo-project/node_modules/@expo/config-plugins/build/plugins/withPlugins.js:30:18)
    at withConfigPlugins (/expo-project/node_modules/@expo/config/build/plugins/withConfigPlugins.js:35:47)
    at fillAndReturnConfig (/expo-project/node_modules/@expo/config/build/Config.js:236:78)
    at getConfig (/expo-project/node_modules/@expo/config/build/Config.js:293:10)
2026-03-25T17:20:29.335Z expo:env /expo-project/.env does not exist, skipping this env file
2026-03-25T17:20:29.336Z expo:env /expo-project/.env.development does not exist, skipping this env file
2026-03-25T17:20:29.336Z expo:env /expo-project/.env.local does not exist, skipping this env file
2026-03-25T17:20:29.336Z expo:env /expo-project/.env.development.local does not exist, skipping this env file
Starting project at /expo-project
» android: expo-share-intent: your Expo SDK version does not match requirements! v6.0.0 needs ^55, found 54.0.0. Please refer to the compatibility table. https://github.com/achorein/expo-share-intent/#versioning
Could not find plugin "expo-notifications"
PluginError: Failed to resolve plugin for module "expo-notifications" relative to "/expo-project". Do you have node modules installed?
PluginError: Failed to resolve plugin for module "expo-notifications" relative to "/expo-project". Do you have node modules installed?
    at resolvePluginForModule (/expo-project/node_modules/@expo/config-plugins/build/utils/plugin-resolver.js:96:9)
    at resolveConfigPluginFunctionWithInfo (/expo-project/node_modules/@expo/config-plugins/build/utils/plugin-resolver.js:145:7)
    at resolveConfigPluginFunction (/expo-project/node_modules/@expo/config-plugins/build/utils/plugin-resolver.js:136:7)
    at withStaticPlugin (/expo-project/node_modules/@expo/config-plugins/build/plugins/withStaticPlugin.js:85:70)
    at /expo-project/node_modules/@expo/config-plugins/build/plugins/withPlugins.js:30:84
    at Array.reduce (<anonymous>)
    at withPlugins (/expo-project/node_modules/@expo/config-plugins/build/plugins/withPlugins.js:30:18)
    at withConfigPlugins (/expo-project/node_modules/@expo/config/build/plugins/withConfigPlugins.js:35:47)
    at fillAndReturnConfig (/expo-project/node_modules/@expo/config/build/Config.js:236:78)
    at getConfig (/expo-project/node_modules/@expo/config/build/Config.js:293:10)
2026-03-25T17:20:55.298Z expo:env /expo-project/.env does not exist, skipping this env file
2026-03-25T17:20:55.299Z expo:env /expo-project/.env.development does not exist, skipping this env file
2026-03-25T17:20:55.299Z expo:env /expo-project/.env.local does not exist, skipping this env file
2026-03-25T17:20:55.299Z expo:env /expo-project/.env.development.local does not exist, skipping this env file
Starting project at /expo-project
» android: expo-share-intent: your Expo SDK version does not match requirements! v6.0.0 needs ^55, found 54.0.0. Please refer to the compatibility table. https://github.com/achorein/expo-share-intent/#versioning
Could not find plugin "expo-notifications"
PluginError: Failed to resolve plugin for module "expo-notifications" relative to "/expo-project". Do you have node modules installed?
PluginError: Failed to resolve plugin for module "expo-notifications" relative to "/expo-project". Do you have node modules installed?
    at resolvePluginForModule (/expo-project/node_modules/@expo/config-plugins/build/utils/plugin-resolver.js:96:9)
    at resolveConfigPluginFunctionWithInfo (/expo-project/node_modules/@expo/config-plugins/build/utils/plugin-resolver.js:145:7)
    at resolveConfigPluginFunction (/expo-project/node_modules/@expo/config-plugins/build/utils/plugin-resolver.js:136:7)
    at withStaticPlugin (/expo-project/node_modules/@expo/config-plugins/build/plugins/withStaticPlugin.js:85:70)
    at /expo-project/node_modules/@expo/config-plugins/build/plugins/withPlugins.js:30:84
    at Array.reduce (<anonymous>)
    at withPlugins (/expo-project/node_modules/@expo/config-plugins/build/plugins/withPlugins.js:30:18)
    at withConfigPlugins (/expo-project/node_modules/@expo/config/build/plugins/withConfigPlugins.js:35:47)
    at fillAndReturnConfig (/expo-project/node_modules/@expo/config/build/Config.js:236:78)
    at getConfig (/expo-project/node_modules/@expo/config/build/Config.js:293:10)
2026-03-25T17:23:07.798Z expo:env /expo-project/.env does not exist, skipping this env file
2026-03-25T17:23:07.798Z expo:env /expo-project/.env.development does not exist, skipping this env file
2026-03-25T17:23:07.799Z expo:env /expo-project/.env.local does not exist, skipping this env file
2026-03-25T17:23:07.799Z expo:env /expo-project/.env.development.local does not exist, skipping this env file
Starting project at /expo-project
» android: expo-share-intent: your Expo SDK version does not match requirements! v6.0.0 needs ^55, found 54.0.0. Please refer to the compatibility table. https://github.com/achorein/expo-share-intent/#versioning
Could not find plugin "expo-notifications"
PluginError: Failed to resolve plugin for module "expo-notifications" relative to "/expo-project". Do you have node modules installed?
PluginError: Failed to resolve plugin for module "expo-notifications" relative to "/expo-project". Do you have node modules installed?
    at resolvePluginForModule (/expo-project/node_modules/@expo/config-plugins/build/utils/plugin-resolver.js:96:9)
    at resolveConfigPluginFunctionWithInfo (/expo-project/node_modules/@expo/config-plugins/build/utils/plugin-resolver.js:145:7)
    at resolveConfigPluginFunction (/expo-project/node_modules/@expo/config-plugins/build/utils/plugin-resolver.js:136:7)
    at withStaticPlugin (/expo-project/node_modules/@expo/config-plugins/build/plugins/withStaticPlugin.js:85:70)
    at /expo-project/node_modules/@expo/config-plugins/build/plugins/withPlugins.js:30:84
    at Array.reduce (<anonymous>)
    at withPlugins (/expo-project/node_modules/@expo/config-plugins/build/plugins/withPlugins.js:30:18)
    at withConfigPlugins (/expo-project/node_modules/@expo/config/build/plugins/withConfigPlugins.js:35:47)
    at fillAndReturnConfig (/expo-project/node_modules/@expo/config/build/Config.js:236:78)
    at getConfig (/expo-project/node_modules/@expo/config/build/Config.js:293:10)
2026-03-25T17:25:20.279Z expo:env /expo-project/.env does not exist, skipping this env file
2026-03-25T17:25:20.281Z expo:env /expo-project/.env.development does not exist, skipping this env file
2026-03-25T17:25:20.281Z expo:env /expo-project/.env.local does not exist, skipping this env file
2026-03-25T17:25:20.281Z expo:env /expo-project/.env.development.local does not exist, skipping this env file
Starting project at /expo-project
» android: expo-share-intent: your Expo SDK version does not match requirements! v6.0.0 needs ^55, found 54.0.0. Please refer to the compatibility table. https://github.com/achorein/expo-share-intent/#versioning
Could not find plugin "expo-notifications"
PluginError: Failed to resolve plugin for module "expo-notifications" relative to "/expo-project". Do you have node modules installed?
PluginError: Failed to resolve plugin for module "expo-notifications" relative to "/expo-project". Do you have node modules installed?
    at resolvePluginForModule (/expo-project/node_modules/@expo/config-plugins/build/utils/plugin-resolver.js:96:9)
    at resolveConfigPluginFunctionWithInfo (/expo-project/node_modules/@expo/config-plugins/build/utils/plugin-resolver.js:145:7)
    at resolveConfigPluginFunction (/expo-project/node_modules/@expo/config-plugins/build/utils/plugin-resolver.js:136:7)
    at withStaticPlugin (/expo-project/node_modules/@expo/config-plugins/build/plugins/withStaticPlugin.js:85:70)
    at /expo-project/node_modules/@expo/config-plugins/build/plugins/withPlugins.js:30:84
    at Array.reduce (<anonymous>)
    at withPlugins (/expo-project/node_modules/@expo/config-plugins/build/plugins/withPlugins.js:30:18)
    at withConfigPlugins (/expo-project/node_modules/@expo/config/build/plugins/withConfigPlugins.js:35:47)
    at fillAndReturnConfig (/expo-project/node_modules/@expo/config/build/Config.js:236:78)
    at getConfig (/expo-project/node_modules/@expo/config/build/Config.js:293:10)
2026-03-25T17:27:32.778Z expo:env /expo-project/.env does not exist, skipping this env file
2026-03-25T17:27:32.779Z expo:env /expo-project/.env.development does not exist, skipping this env file
2026-03-25T17:27:32.779Z expo:env /expo-project/.env.local does not exist, skipping this env file
2026-03-25T17:27:32.779Z expo:env /expo-project/.env.development.local does not exist, skipping this env file
Starting project at /expo-project
» android: expo-share-intent: your Expo SDK version does not match requirements! v6.0.0 needs ^55, found 54.0.0. Please refer to the compatibility table. https://github.com/achorein/expo-share-intent/#versioning
Could not find plugin "expo-notifications"
PluginError: Failed to resolve plugin for module "expo-notifications" relative to "/expo-project". Do you have node modules installed?
PluginError: Failed to resolve plugin for module "expo-notifications" relative to "/expo-project". Do you have node modules installed?
    at resolvePluginForModule (/expo-project/node_modules/@expo/config-plugins/build/utils/plugin-resolver.js:96:9)
    at resolveConfigPluginFunctionWithInfo (/expo-project/node_modules/@expo/config-plugins/build/utils/plugin-resolver.js:145:7)
    at resolveConfigPluginFunction (/expo-project/node_modules/@expo/config-plugins/build/utils/plugin-resolver.js:136:7)
    at withStaticPlugin (/expo-project/node_modules/@expo/config-plugins/build/plugins/withStaticPlugin.js:85:70)
    at /expo-project/node_modules/@expo/config-plugins/build/plugins/withPlugins.js:30:84
    at Array.reduce (<anonymous>)
    at withPlugins (/expo-project/node_modules/@expo/config-plugins/build/plugins/withPlugins.js:30:18)
    at withConfigPlugins (/expo-project/node_modules/@expo/config/build/plugins/withConfigPlugins.js:35:47)
    at fillAndReturnConfig (/expo-project/node_modules/@expo/config/build/Config.js:236:78)
    at getConfig (/expo-project/node_modules/@expo/config/build/Config.js:293:10)
2026-03-25T17:29:45.265Z expo:env /expo-project/.env does not exist, skipping this env file
2026-03-25T17:29:45.266Z expo:env /expo-project/.env.development does not exist, skipping this env file
2026-03-25T17:29:45.266Z expo:env /expo-project/.env.local does not exist, skipping this env file
2026-03-25T17:29:45.266Z expo:env /expo-project/.env.development.local does not exist, skipping this env file
Starting project at /expo-project
» android: expo-share-intent: your Expo SDK version does not match requirements! v6.0.0 needs ^55, found 54.0.0. Please refer to the compatibility table. https://github.com/achorein/expo-share-intent/#versioning
Could not find plugin "expo-notifications"
PluginError: Failed to resolve plugin for module "expo-notifications" relative to "/expo-project". Do you have node modules installed?
PluginError: Failed to resolve plugin for module "expo-notifications" relative to "/expo-project". Do you have node modules installed?
    at resolvePluginForModule (/expo-project/node_modules/@expo/config-plugins/build/utils/plugin-resolver.js:96:9)
    at resolveConfigPluginFunctionWithInfo (/expo-project/node_modules/@expo/config-plugins/build/utils/plugin-resolver.js:145:7)
    at resolveConfigPluginFunction (/expo-project/node_modules/@expo/config-plugins/build/utils/plugin-resolver.js:136:7)
    at withStaticPlugin (/expo-project/node_modules/@expo/config-plugins/build/plugins/withStaticPlugin.js:85:70)
    at /expo-project/node_modules/@expo/config-plugins/build/plugins/withPlugins.js:30:84
    at Array.reduce (<anonymous>)
    at withPlugins (/expo-project/node_modules/@expo/config-plugins/build/plugins/withPlugins.js:30:18)
    at withConfigPlugins (/expo-project/node_modules/@expo/config/build/plugins/withConfigPlugins.js:35:47)
    at fillAndReturnConfig (/expo-project/node_modules/@expo/config/build/Config.js:236:78)
    at getConfig (/expo-project/node_modules/@expo/config/build/Config.js:293:10)
2026-03-25T17:31:57.772Z expo:env /expo-project/.env does not exist, skipping this env file
2026-03-25T17:31:57.773Z expo:env /expo-project/.env.development does not exist, skipping this env file
2026-03-25T17:31:57.773Z expo:env /expo-project/.env.local does not exist, skipping this env file
2026-03-25T17:31:57.773Z expo:env /expo-project/.env.development.local does not exist, skipping this env file
Starting project at /expo-project
» android: expo-share-intent: your Expo SDK version does not match requirements! v6.0.0 needs ^55, found 54.0.0. Please refer to the compatibility table. https://github.com/achorein/expo-share-intent/#versioning
Could not find plugin "expo-notifications"
PluginError: Failed to resolve plugin for module "expo-notifications" relative to "/expo-project". Do you have node modules installed?
PluginError: Failed to resolve plugin for module "expo-notifications" relative to "/expo-project". Do you have node modules installed?
    at resolvePluginForModule (/expo-project/node_modules/@expo/config-plugins/build/utils/plugin-resolver.js:96:9)
    at resolveConfigPluginFunctionWithInfo (/expo-project/node_modules/@expo/config-plugins/build/utils/plugin-resolver.js:145:7)
    at resolveConfigPluginFunction (/expo-project/node_modules/@expo/config-plugins/build/utils/plugin-resolver.js:136:7)
    at withStaticPlugin (/expo-project/node_modules/@expo/config-plugins/build/plugins/withStaticPlugin.js:85:70)
    at /expo-project/node_modules/@expo/config-plugins/build/plugins/withPlugins.js:30:84
    at Array.reduce (<anonymous>)
    at withPlugins (/expo-project/node_modules/@expo/config-plugins/build/plugins/withPlugins.js:30:18)
    at withConfigPlugins (/expo-project/node_modules/@expo/config/build/plugins/withConfigPlugins.js:35:47)
    at fillAndReturnConfig (/expo-project/node_modules/@expo/config/build/Config.js:236:78)
    at getConfig (/expo-project/node_modules/@expo/config/build/Config.js:293:10)
2026-03-25T17:34:10.255Z expo:env /expo-project/.env does not exist, skipping this env file
2026-03-25T17:34:10.256Z expo:env /expo-project/.env.development does not exist, skipping this env file
2026-03-25T17:34:10.256Z expo:env /expo-project/.env.local does not exist, skipping this env file
2026-03-25T17:34:10.256Z expo:env /expo-project/.env.development.local does not exist, skipping this env file
Starting project at /expo-project
» android: expo-share-intent: your Expo SDK version does not match requirements! v6.0.0 needs ^55, found 54.0.0. Please refer to the compatibility table. https://github.com/achorein/expo-share-intent/#versioning
Could not find plugin "expo-notifications"
PluginError: Failed to resolve plugin for module "expo-notifications" relative to "/expo-project". Do you have node modules installed?
PluginError: Failed to resolve plugin for module "expo-notifications" relative to "/expo-project". Do you have node modules installed?
    at resolvePluginForModule (/expo-project/node_modules/@expo/config-plugins/build/utils/plugin-resolver.js:96:9)
    at resolveConfigPluginFunctionWithInfo (/expo-project/node_modules/@expo/config-plugins/build/utils/plugin-resolver.js:145:7)
    at resolveConfigPluginFunction (/expo-project/node_modules/@expo/config-plugins/build/utils/plugin-resolver.js:136:7)
    at withStaticPlugin (/expo-project/node_modules/@expo/config-plugins/build/plugins/withStaticPlugin.js:85:70)
    at /expo-project/node_modules/@expo/config-plugins/build/plugins/withPlugins.js:30:84
    at Array.reduce (<anonymous>)
    at withPlugins (/expo-project/node_modules/@expo/config-plugins/build/plugins/withPlugins.js:30:18)
    at withConfigPlugins (/expo-project/node_modules/@expo/config/build/plugins/withConfigPlugins.js:35:47)
    at fillAndReturnConfig (/expo-project/node_modules/@expo/config/build/Config.js:236:78)
    at getConfig (/expo-project/node_modules/@expo/config/build/Config.js:293:10)
2026-03-25T17:36:22.793Z expo:env /expo-project/.env does not exist, skipping this env file
2026-03-25T17:36:22.794Z expo:env /expo-project/.env.development does not exist, skipping this env file
2026-03-25T17:36:22.794Z expo:env /expo-project/.env.local does not exist, skipping this env file
2026-03-25T17:36:22.794Z expo:env /expo-project/.env.development.local does not exist, skipping this env file
Starting project at /expo-project
» android: expo-share-intent: your Expo SDK version does not match requirements! v6.0.0 needs ^55, found 54.0.0. Please refer to the compatibility table. https://github.com/achorein/expo-share-intent/#versioning
Could not find plugin "expo-notifications"
PluginError: Failed to resolve plugin for module "expo-notifications" relative to "/expo-project". Do you have node modules installed?
PluginError: Failed to resolve plugin for module "expo-notifications" relative to "/expo-project". Do you have node modules installed?
    at resolvePluginForModule (/expo-project/node_modules/@expo/config-plugins/build/utils/plugin-resolver.js:96:9)
    at resolveConfigPluginFunctionWithInfo (/expo-project/node_modules/@expo/config-plugins/build/utils/plugin-resolver.js:145:7)
    at resolveConfigPluginFunction (/expo-project/node_modules/@expo/config-plugins/build/utils/plugin-resolver.js:136:7)
    at withStaticPlugin (/expo-project/node_modules/@expo/config-plugins/build/plugins/withStaticPlugin.js:85:70)
    at /expo-project/node_modules/@expo/config-plugins/build/plugins/withPlugins.js:30:84
    at Array.reduce (<anonymous>)
    at withPlugins (/expo-project/node_modules/@expo/config-plugins/build/plugins/withPlugins.js:30:18)
    at withConfigPlugins (/expo-project/node_modules/@expo/config/build/plugins/withConfigPlugins.js:35:47)
    at fillAndReturnConfig (/expo-project/node_modules/@expo/config/build/Config.js:236:78)
    at getConfig (/expo-project/node_modules/@expo/config/build/Config.js:293:10)
2026-03-25T18:04:21.420Z expo:env /expo-project/.env does not exist, skipping this env file
2026-03-25T18:04:21.421Z expo:env /expo-project/.env.development does not exist, skipping this env file
2026-03-25T18:04:21.421Z expo:env /expo-project/.env.local does not exist, skipping this env file
2026-03-25T18:04:21.421Z expo:env /expo-project/.env.development.local does not exist, skipping this env file
Starting project at /expo-project
Could not find plugin "expo-notifications"
PluginError: Failed to resolve plugin for module "expo-notifications" relative to "/expo-project". Do you have node modules installed?
PluginError: Failed to resolve plugin for module "expo-notifications" relative to "/expo-project". Do you have node modules installed?
    at resolvePluginForModule (/expo-project/node_modules/@expo/config-plugins/build/utils/plugin-resolver.js:96:9)
    at resolveConfigPluginFunctionWithInfo (/expo-project/node_modules/@expo/config-plugins/build/utils/plugin-resolver.js:145:7)
    at resolveConfigPluginFunction (/expo-project/node_modules/@expo/config-plugins/build/utils/plugin-resolver.js:136:7)
    at withStaticPlugin (/expo-project/node_modules/@expo/config-plugins/build/plugins/withStaticPlugin.js:85:70)
    at /expo-project/node_modules/@expo/config-plugins/build/plugins/withPlugins.js:30:84
    at Array.reduce (<anonymous>)
    at withPlugins (/expo-project/node_modules/@expo/config-plugins/build/plugins/withPlugins.js:30:18)
    at withConfigPlugins (/expo-project/node_modules/@expo/config/build/plugins/withConfigPlugins.js:35:47)
    at fillAndReturnConfig (/expo-project/node_modules/@expo/config/build/Config.js:236:78)
    at getConfig (/expo-project/node_modules/@expo/config/build/Config.js:293:10)
2026-03-25T18:05:24.287Z expo:env /expo-project/.env does not exist, skipping this env file
2026-03-25T18:05:24.288Z expo:env /expo-project/.env.development does not exist, skipping this env file
2026-03-25T18:05:24.288Z expo:env /expo-project/.env.local does not exist, skipping this env file
2026-03-25T18:05:24.288Z expo:env /expo-project/.env.development.local does not exist, skipping this env file
Starting project at /expo-project
Could not find plugin "expo-notifications"
PluginError: Failed to resolve plugin for module "expo-notifications" relative to "/expo-project". Do you have node modules installed?
PluginError: Failed to resolve plugin for module "expo-notifications" relative to "/expo-project". Do you have node modules installed?
    at resolvePluginForModule (/expo-project/node_modules/@expo/config-plugins/build/utils/plugin-resolver.js:96:9)
    at resolveConfigPluginFunctionWithInfo (/expo-project/node_modules/@expo/config-plugins/build/utils/plugin-resolver.js:145:7)
    at resolveConfigPluginFunction (/expo-project/node_modules/@expo/config-plugins/build/utils/plugin-resolver.js:136:7)
    at withStaticPlugin (/expo-project/node_modules/@expo/config-plugins/build/plugins/withStaticPlugin.js:85:70)
    at /expo-project/node_modules/@expo/config-plugins/build/plugins/withPlugins.js:30:84
    at Array.reduce (<anonymous>)
    at withPlugins (/expo-project/node_modules/@expo/config-plugins/build/plugins/withPlugins.js:30:18)
    at withConfigPlugins (/expo-project/node_modules/@expo/config/build/plugins/withConfigPlugins.js:35:47)
    at fillAndReturnConfig (/expo-project/node_modules/@expo/config/build/Config.js:236:78)
    at getConfig (/expo-project/node_modules/@expo/config/build/Config.js:293:10)
2026-03-25T18:07:37.047Z expo:env /expo-project/.env does not exist, skipping this env file
2026-03-25T18:07:37.048Z expo:env /expo-project/.env.development does not exist, skipping this env file
2026-03-25T18:07:37.048Z expo:env /expo-project/.env.local does not exist, skipping this env file
2026-03-25T18:07:37.049Z expo:env /expo-project/.env.development.local does not exist, skipping this env file
Starting project at /expo-project
Could not find plugin "expo-notifications"
PluginError: Failed to resolve plugin for module "expo-notifications" relative to "/expo-project". Do you have node modules installed?
PluginError: Failed to resolve plugin for module "expo-notifications" relative to "/expo-project". Do you have node modules installed?
    at resolvePluginForModule (/expo-project/node_modules/@expo/config-plugins/build/utils/plugin-resolver.js:96:9)
    at resolveConfigPluginFunctionWithInfo (/expo-project/node_modules/@expo/config-plugins/build/utils/plugin-resolver.js:145:7)
    at resolveConfigPluginFunction (/expo-project/node_modules/@expo/config-plugins/build/utils/plugin-resolver.js:136:7)
    at withStaticPlugin (/expo-project/node_modules/@expo/config-plugins/build/plugins/withStaticPlugin.js:85:70)
    at /expo-project/node_modules/@expo/config-plugins/build/plugins/withPlugins.js:30:84
    at Array.reduce (<anonymous>)
    at withPlugins (/expo-project/node_modules/@expo/config-plugins/build/plugins/withPlugins.js:30:18)
    at withConfigPlugins (/expo-project/node_modules/@expo/config/build/plugins/withConfigPlugins.js:35:47)
    at fillAndReturnConfig (/expo-project/node_modules/@expo/config/build/Config.js:236:78)
    at getConfig (/expo-project/node_modules/@expo/config/build/Config.js:293:10)
